 WARN [2015-06-02 09:59:06,385] (ComponentFactory.java:getComponentBean:1154) - Unable to get component for id 'ExternalDataSource': Unable to get bean for id 'ExternalDataSource'
 WARN [2015-06-02 09:59:06,557] (ComponentFactory.java:getComponentBean:1154) - Unable to get component for id 'NamedCredential': Unable to get bean for id 'NamedCredential'
 WARN [2015-06-02 09:59:06,557] (ComponentFactory.java:getComponentBean:1154) - Unable to get component for id 'UiPlugin': Unable to get bean for id 'UiPlugin'
 WARN [2015-06-02 09:59:06,572] (ComponentFactory.java:getComponentBean:1154) - Unable to get component for id 'MatchingRules': Unable to get bean for id 'MatchingRules'
 WARN [2015-06-02 09:59:06,588] (ComponentFactory.java:getComponentBean:1154) - Unable to get component for id 'ChannelLayout': Unable to get bean for id 'ChannelLayout'
 WARN [2015-06-02 09:59:06,588] (ComponentFactory.java:getComponentBean:1154) - Unable to get component for id 'SharingRules': Unable to get bean for id 'SharingRules'
 WARN [2015-06-02 09:59:06,588] (ComponentFactory.java:getComponentBean:1154) - Unable to get component for id 'CorsWhitelistOrigin': Unable to get bean for id 'CorsWhitelistOrigin'
 WARN [2015-06-02 09:59:06,604] (ComponentFactory.java:getComponentBean:1154) - Unable to get component for id 'ActionLinkGroupTemplate': Unable to get bean for id 'ActionLinkGroupTemplate'
 WARN [2015-06-02 09:59:06,604] (ComponentFactory.java:getComponentBean:1154) - Unable to get component for id 'SynonymDictionary': Unable to get bean for id 'SynonymDictionary'
 WARN [2015-06-02 09:59:07,022] (ComponentFactory.java:getComponentBean:1154) - Unable to get component for id 'ExternalDataSource': Unable to get bean for id 'ExternalDataSource'
 WARN [2015-06-02 09:59:07,038] (ComponentFactory.java:getComponentBean:1154) - Unable to get component for id 'NamedCredential': Unable to get bean for id 'NamedCredential'
 WARN [2015-06-02 09:59:07,038] (ComponentFactory.java:getComponentBean:1154) - Unable to get component for id 'UiPlugin': Unable to get bean for id 'UiPlugin'
 WARN [2015-06-02 09:59:07,054] (ComponentFactory.java:getComponentBean:1154) - Unable to get component for id 'MatchingRules': Unable to get bean for id 'MatchingRules'
 WARN [2015-06-02 09:59:07,054] (ComponentFactory.java:getComponentBean:1154) - Unable to get component for id 'ChannelLayout': Unable to get bean for id 'ChannelLayout'
 WARN [2015-06-02 09:59:07,069] (ComponentFactory.java:getComponentBean:1154) - Unable to get component for id 'SharingRules': Unable to get bean for id 'SharingRules'
 WARN [2015-06-02 09:59:07,069] (ComponentFactory.java:getComponentBean:1154) - Unable to get component for id 'CorsWhitelistOrigin': Unable to get bean for id 'CorsWhitelistOrigin'
 WARN [2015-06-02 09:59:07,069] (ComponentFactory.java:getComponentBean:1154) - Unable to get component for id 'ActionLinkGroupTemplate': Unable to get bean for id 'ActionLinkGroupTemplate'
 WARN [2015-06-02 09:59:07,085] (ComponentFactory.java:getComponentBean:1154) - Unable to get component for id 'SynonymDictionary': Unable to get bean for id 'SynonymDictionary'
 WARN [2015-06-02 10:01:52,510] (ProjectAddEvaluator.java:runInWorkspace:118) - No credentials found for project 'educational system' - removing online nature
 WARN [2015-06-02 10:05:06,844] (ProjectController.java:handleRetrieveResults:772) - Failed to retrieve: 'Salesforce Connected Apps/package.xml': Metadata API received improper input. Please ensure file name and capitalization is correct. Load of metadata from db failed for metadata of type:ConnectedApp and file name:Workbench.
 WARN [2015-06-02 10:05:06,860] (ProjectController.java:handleRetrieveResults:772) - Failed to retrieve: 'Salesforce Connected Apps/package.xml': Metadata API received improper input. Please ensure file name and capitalization is correct. Load of metadata from db failed for metadata of type:ConnectedApp and file name:Salesforce_for_Outlook.
 WARN [2015-06-02 10:05:06,860] (ProjectController.java:handleRetrieveResults:772) - Failed to retrieve: 'Salesforce Connected Apps/package.xml': Metadata API received improper input. Please ensure file name and capitalization is correct. Load of metadata from db failed for metadata of type:ConnectedApp and file name:Forcecom_Migration_Tool.
 WARN [2015-06-02 10:05:06,875] (ProjectController.java:handleRetrieveResults:772) - Failed to retrieve: 'Salesforce Connected Apps/package.xml': Metadata API received improper input. Please ensure file name and capitalization is correct. Load of metadata from db failed for metadata of type:ConnectedApp and file name:Forcecom_IDE.
 WARN [2015-06-02 10:05:06,875] (ProjectController.java:handleRetrieveResults:772) - Failed to retrieve: 'Salesforce Connected Apps/package.xml': Metadata API received improper input. Please ensure file name and capitalization is correct. Load of metadata from db failed for metadata of type:ConnectedApp and file name:Dataloader_Partner.
 WARN [2015-06-02 10:05:06,875] (ProjectController.java:handleRetrieveResults:772) - Failed to retrieve: 'Salesforce Connected Apps/package.xml': Metadata API received improper input. Please ensure file name and capitalization is correct. Load of metadata from db failed for metadata of type:ConnectedApp and file name:Salesforce_Touch.
 WARN [2015-06-02 10:05:06,891] (ProjectController.java:handleRetrieveResults:772) - Failed to retrieve: 'Salesforce Connected Apps/package.xml': Metadata API received improper input. Please ensure file name and capitalization is correct. Load of metadata from db failed for metadata of type:ConnectedApp and file name:Dataloader_Bulk.
 WARN [2015-06-02 10:05:06,891] (ProjectController.java:handleRetrieveResults:772) - Failed to retrieve: 'Salesforce Connected Apps/package.xml': Metadata API received improper input. Please ensure file name and capitalization is correct. Load of metadata from db failed for metadata of type:ConnectedApp and file name:Salesforce_Mobile_Dashboards.
 WARN [2015-06-02 10:05:06,945] (ComponentFactory.java:getComponentByFilePath:622) - No id found for filepath 'applicationManifests/Salesforce_Mobile_Dashboards', tagging as component of type 'Unknown'
 WARN [2015-06-02 10:05:06,961] (ComponentFactory.java:getComponentByFilePath:622) - No id found for filepath 'modules/S8e_T3h_oauth/ConnectivityDevConfigs/S8e_T3h_oauth_devConfig.ConnectivityDevConfig', tagging as component of type 'Unknown'
 WARN [2015-06-02 10:05:06,976] (ComponentFactory.java:getComponentByFilePath:622) - No id found for filepath 'modules/S8e_T3h_oauth/modules/sf_com_apps__S8e_T3h_oauth', tagging as component of type 'Unknown'
 WARN [2015-06-02 10:05:06,976] (ComponentFactory.java:getComponentByFilePath:622) - No id found for filepath 'applicationManifests/Salesforce_Touch', tagging as component of type 'Unknown'
 WARN [2015-06-02 10:05:06,976] (ComponentFactory.java:getComponentByFilePath:622) - No id found for filepath 'modules/S8e_for_Outlook_oauth/ConnectivityDevConfigs/S8e_for_Outlook_oauth_devConfig.ConnectivityDevConfig', tagging as component of type 'Unknown'
 WARN [2015-06-02 10:05:06,992] (ComponentFactory.java:getComponentByFilePath:622) - No id found for filepath 'modules/S8e_for_Outlook_oauth/modules/sf_com_apps__S8e_for_Outlook_oauth', tagging as component of type 'Unknown'
 WARN [2015-06-02 10:05:06,992] (ComponentFactory.java:getComponentByFilePath:622) - No id found for filepath 'applicationManifests/Salesforce_for_Outlook', tagging as component of type 'Unknown'
 WARN [2015-06-02 10:05:07,008] (ComponentFactory.java:getComponentByFilePath:622) - No id found for filepath 'modules/Workbench_oauth/ConnectivityDevConfigs/Workbench_oauth_devConfig.ConnectivityDevConfig', tagging as component of type 'Unknown'
 WARN [2015-06-02 10:05:07,008] (ComponentFactory.java:getComponentByFilePath:622) - No id found for filepath 'modules/Workbench_oauth/modules/sf_com_apps__Workbench_oauth', tagging as component of type 'Unknown'
 WARN [2015-06-02 10:05:07,008] (ComponentFactory.java:getComponentByFilePath:622) - No id found for filepath 'applicationManifests/Workbench', tagging as component of type 'Unknown'
ERROR [2015-06-02 10:05:07,023] (ProjectPackageList.java:generateComponents:482) - Filepath-zip mapping is null or empty for package 'Salesforce Connected Apps' [0A390000000oRRvCAM] - skipping component generation
 WARN [2015-06-02 10:05:07,023] (ComponentFactory.java:getComponentByFilePath:622) - No id found for filepath 'modules/Dataloader_Bulk_oauth/ConnectivityDevConfigs/Dataloader_Bulk_oauth_devConfig.ConnectivityDevConfig', tagging as component of type 'Unknown'
 WARN [2015-06-02 10:05:07,023] (ComponentFactory.java:getComponentByFilePath:622) - No id found for filepath 'modules/Dataloader_Bulk_oauth/modules/sf_com_apps__Dataloader_Bulk_oauth', tagging as component of type 'Unknown'
 WARN [2015-06-02 10:05:07,039] (ComponentFactory.java:getComponentByFilePath:622) - No id found for filepath 'applicationManifests/Dataloader_Bulk', tagging as component of type 'Unknown'
 WARN [2015-06-02 10:05:07,039] (ComponentFactory.java:getComponentByFilePath:622) - No id found for filepath 'modules/Dataloader_P5r_oauth/ConnectivityDevConfigs/Dataloader_P5r_oauth_devConfig.ConnectivityDevConfig', tagging as component of type 'Unknown'
 WARN [2015-06-02 10:05:07,055] (ComponentFactory.java:getComponentByFilePath:622) - No id found for filepath 'modules/Dataloader_P5r_oauth/modules/sf_com_apps__Dataloader_P5r_oauth', tagging as component of type 'Unknown'
 WARN [2015-06-02 10:05:07,086] (ComponentFactory.java:getComponentByFilePath:622) - No id found for filepath 'applicationManifests/Dataloader_Partner', tagging as component of type 'Unknown'
 WARN [2015-06-02 10:05:07,086] (ComponentFactory.java:getComponentByFilePath:622) - No id found for filepath 'modules/Forcecom_IDE_oauth/ConnectivityDevConfigs/Forcecom_IDE_oauth_devConfig.ConnectivityDevConfig', tagging as component of type 'Unknown'
 WARN [2015-06-02 10:05:07,086] (ComponentFactory.java:getComponentByFilePath:622) - No id found for filepath 'modules/Forcecom_IDE_oauth/modules/sf_com_apps__Forcecom_IDE_oauth', tagging as component of type 'Unknown'
 WARN [2015-06-02 10:05:07,101] (ComponentFactory.java:getComponentByFilePath:622) - No id found for filepath 'applicationManifests/Forcecom_IDE', tagging as component of type 'Unknown'
 WARN [2015-06-02 10:05:07,101] (ComponentFactory.java:getComponentByFilePath:622) - No id found for filepath 'modules/Forcecom_Migration_Tool_oauth/ConnectivityDevConfigs/Forcecom_Migration_Tool_oauth_devConfig.ConnectivityDevConfig', tagging as component of type 'Unknown'
 WARN [2015-06-02 10:05:07,101] (ComponentFactory.java:getComponentByFilePath:622) - No id found for filepath 'modules/Forcecom_Migration_Tool_oauth/modules/sf_com_apps__Forcecom_Migration_Tool_oauth', tagging as component of type 'Unknown'
 WARN [2015-06-02 10:05:07,117] (ComponentFactory.java:getComponentByFilePath:622) - No id found for filepath 'applicationManifests/Forcecom_Migration_Tool', tagging as component of type 'Unknown'
 WARN [2015-06-02 10:05:07,117] (ComponentFactory.java:getComponentByFilePath:622) - No id found for filepath 'modules/S8e_M4e_Dashboards_oauth/ConnectivityDevConfigs/S8e_M4e_Dashboards_oauth_devConfig.ConnectivityDevConfig', tagging as component of type 'Unknown'
 WARN [2015-06-02 10:05:07,133] (ComponentFactory.java:getComponentByFilePath:622) - No id found for filepath 'modules/S8e_M4e_Dashboards_oauth/modules/sf_com_apps__S8e_M4e_Dashboards_oauth', tagging as component of type 'Unknown'
 WARN [2015-06-02 10:05:12,462] (ProjectPackageList.java:saveResources:1159) - Component list in project package 'Salesforce Connected Apps' is empty.  No resources to save.
 WARN [2015-06-02 10:08:02,698] (Component.java:getTemplate:631) - Not templates found
 WARN [2015-06-02 10:08:02,998] (ComponentWizard.java:init:69) - Unable to open new component wizard - folder and project are null.
 WARN [2015-06-02 10:08:34,679] (Component.java:getTemplate:631) - Not templates found
 WARN [2015-06-02 10:09:05,785] (ComponentController.java:deploy:402) - Remote save aborted - project is not online enabled
 WARN [2015-06-02 10:09:05,832] (Utils.java:loadDocument:799) - Unable to load document: C:\Users\subbu\workspace\.metadata\.plugins\org.eclipse.core.resources\.projects\educational system\com.salesforce.ide.core\packageCache.xml (The system cannot find the file specified)
 WARN [2015-06-02 10:09:05,832] (ComponentController.java:run:380) - Unable to update cache with new component Custom Object - cache is not found
 WARN [2015-06-02 10:09:06,019] (DefaultBuilder.java:applyDirtyMarkers:93) - TODO: apply 'Save locally only...' markers on each resource
 WARN [2015-06-02 10:29:10,157] (ConnectionFactory.java:clearCache:220) - Clearing the following cached connections
 WARN [2015-06-02 10:29:10,327] (DescribeObjectRegistry.java:clearCache:664) - Clearing cached describes
 WARN [2015-06-02 10:29:10,342] (MetadataFactory.java:clearCache:129) - Clearing the following cached metadata stubs
 WARN [2015-06-03 09:25:39,116] (ComponentWizard.java:init:69) - Unable to open new component wizard - folder and project are null.
ERROR [2015-06-03 09:25:44,362] (ComponentController.java:isComponentEnabled:120) - Unable to check Apex Trigger permissions - project is null
 WARN [2015-06-03 09:25:52,861] (ComponentWizard.java:init:69) - Unable to open new component wizard - folder and project are null.
ERROR [2015-06-03 09:25:56,002] (ComponentController.java:isComponentEnabled:120) - Unable to check Apex Trigger permissions - project is null
 WARN [2015-06-03 12:36:41,221] (ConnectionFactory.java:clearCache:217) - No cached connections
 WARN [2015-06-03 12:36:41,299] (DescribeObjectRegistry.java:clearCache:661) - No cached describes
 WARN [2015-06-03 12:36:41,330] (MetadataFactory.java:clearCache:126) - No cached metadata stubs
ERROR [2015-07-07 19:58:48,451] (ExtensionFactory.java:setInitializationData:63) - Unable to get bean instance for bean id 'showInBrowserAction' of class 'n/a'
com.salesforce.ide.core.project.ForceProjectException: Unable to get bean for id 'showInBrowserAction'
	at com.salesforce.ide.core.internal.utils.ForceExceptionUtils.throwNewForceProjectException(ForceExceptionUtils.java:202)
	at com.salesforce.ide.core.internal.context.BaseContextHandler.getBean(BaseContextHandler.java:170)
	at com.salesforce.ide.core.internal.context.BaseContainerDelegate.getBean(BaseContainerDelegate.java:59)
	at com.salesforce.ide.core.internal.factories.ExtensionFactory.setInitializationData(ExtensionFactory.java:58)
	at org.eclipse.core.internal.registry.ConfigurationElement.createExecutableExtension(ConfigurationElement.java:251)
	at org.eclipse.core.internal.registry.ConfigurationElementHandle.createExecutableExtension(ConfigurationElementHandle.java:55)
	at org.eclipse.ui.internal.WorkbenchPlugin.createExtension(WorkbenchPlugin.java:285)
	at org.eclipse.ui.internal.PluginAction.createDelegate(PluginAction.java:122)
	at org.eclipse.ui.internal.PluginAction.selectionChanged(PluginAction.java:277)
	at org.eclipse.ui.internal.PluginAction.<init>(PluginAction.java:112)
	at org.eclipse.ui.internal.ObjectPluginAction.<init>(ObjectPluginAction.java:91)
	at org.eclipse.ui.internal.ActionDescriptor.createAction(ActionDescriptor.java:272)
	at org.eclipse.ui.internal.ActionDescriptor.<init>(ActionDescriptor.java:176)
	at org.eclipse.ui.internal.ActionDescriptor.<init>(ActionDescriptor.java:103)
	at org.eclipse.ui.internal.ObjectActionContributor.createActionDescriptor(ObjectActionContributor.java:208)
	at org.eclipse.ui.internal.PluginActionBuilder.readElement(PluginActionBuilder.java:162)
	at org.eclipse.ui.internal.ObjectActionContributor.readElement(ObjectActionContributor.java:290)
	at org.eclipse.ui.internal.registry.RegistryReader.readElements(RegistryReader.java:145)
	at org.eclipse.ui.internal.registry.RegistryReader.readElementChildren(RegistryReader.java:134)
	at org.eclipse.ui.internal.ObjectActionContributor.readConfigElement(ObjectActionContributor.java:260)
	at org.eclipse.ui.internal.ObjectActionContributor.isApplicableTo(ObjectActionContributor.java:226)
	at org.eclipse.ui.internal.ObjectContributorManager.isApplicableTo(ObjectContributorManager.java:303)
	at org.eclipse.ui.internal.ObjectActionContributorManager.contributeObjectActions(ObjectActionContributorManager.java:89)
	at org.eclipse.ui.internal.PopupMenuExtender.addObjectActions(PopupMenuExtender.java:328)
	at org.eclipse.ui.internal.PopupMenuExtender.menuAboutToShow(PopupMenuExtender.java:405)
	at org.eclipse.jface.action.MenuManager.fireAboutToShow(MenuManager.java:352)
	at org.eclipse.jface.action.MenuManager.handleAboutToShow(MenuManager.java:492)
	at org.eclipse.jface.action.MenuManager.access$1(MenuManager.java:487)
	at org.eclipse.jface.action.MenuManager$2.menuShown(MenuManager.java:519)
	at org.eclipse.swt.widgets.TypedListener.handleEvent(TypedListener.java:255)
	at org.eclipse.swt.widgets.EventTable.sendEvent(EventTable.java:84)
	at org.eclipse.swt.widgets.Display.sendEvent(Display.java:4353)
	at org.eclipse.swt.widgets.Widget.sendEvent(Widget.java:1061)
	at org.eclipse.swt.widgets.Widget.sendEvent(Widget.java:1085)
	at org.eclipse.swt.widgets.Widget.sendEvent(Widget.java:1066)
	at org.eclipse.swt.widgets.Control.WM_INITMENUPOPUP(Control.java:4963)
	at org.eclipse.swt.widgets.Control.windowProc(Control.java:4639)
	at org.eclipse.swt.widgets.Canvas.windowProc(Canvas.java:339)
	at org.eclipse.swt.widgets.Decorations.windowProc(Decorations.java:1626)
	at org.eclipse.swt.widgets.Shell.windowProc(Shell.java:2075)
	at org.eclipse.swt.widgets.Display.windowProc(Display.java:5023)
	at org.eclipse.swt.internal.win32.OS.TrackPopupMenu(Native Method)
	at org.eclipse.swt.widgets.Menu._setVisible(Menu.java:256)
	at org.eclipse.swt.widgets.Display.runPopups(Display.java:4213)
	at org.eclipse.swt.widgets.Display.readAndDispatch(Display.java:3755)
	at org.eclipse.e4.ui.internal.workbench.swt.PartRenderingEngine$9.run(PartRenderingEngine.java:1151)
	at org.eclipse.core.databinding.observable.Realm.runWithDefault(Realm.java:332)
	at org.eclipse.e4.ui.internal.workbench.swt.PartRenderingEngine.run(PartRenderingEngine.java:1032)
	at org.eclipse.e4.ui.internal.workbench.E4Workbench.createAndRunUI(E4Workbench.java:148)
	at org.eclipse.ui.internal.Workbench$5.run(Workbench.java:636)
	at org.eclipse.core.databinding.observable.Realm.runWithDefault(Realm.java:332)
	at org.eclipse.ui.internal.Workbench.createAndRunWorkbench(Workbench.java:579)
	at org.eclipse.ui.PlatformUI.createAndRunWorkbench(PlatformUI.java:150)
	at org.eclipse.ui.internal.ide.application.IDEApplication.start(IDEApplication.java:135)
	at org.eclipse.equinox.internal.app.EclipseAppHandle.run(EclipseAppHandle.java:196)
	at org.eclipse.core.runtime.internal.adaptor.EclipseAppLauncher.runApplication(EclipseAppLauncher.java:134)
	at org.eclipse.core.runtime.internal.adaptor.EclipseAppLauncher.start(EclipseAppLauncher.java:104)
	at org.eclipse.core.runtime.adaptor.EclipseStarter.run(EclipseStarter.java:380)
	at org.eclipse.core.runtime.adaptor.EclipseStarter.run(EclipseStarter.java:235)
	at sun.reflect.NativeMethodAccessorImpl.invoke0(Native Method)
	at sun.reflect.NativeMethodAccessorImpl.invoke(Unknown Source)
	at sun.reflect.DelegatingMethodAccessorImpl.invoke(Unknown Source)
	at java.lang.reflect.Method.invoke(Unknown Source)
	at org.eclipse.equinox.launcher.Main.invokeFramework(Main.java:648)
	at org.eclipse.equinox.launcher.Main.basicRun(Main.java:603)
	at org.eclipse.equinox.launcher.Main.run(Main.java:1465)
Caused by: org.springframework.beans.factory.NoSuchBeanDefinitionException: No bean named 'showInBrowserAction' is defined
	at org.springframework.beans.factory.support.DefaultListableBeanFactory.getBeanDefinition(DefaultListableBeanFactory.java:388)
	at org.springframework.beans.factory.support.AbstractBeanFactory.getMergedLocalBeanDefinition(AbstractBeanFactory.java:976)
	at org.springframework.beans.factory.support.AbstractBeanFactory.doGetBean(AbstractBeanFactory.java:245)
	at org.springframework.beans.factory.support.AbstractBeanFactory.getBean(AbstractBeanFactory.java:184)
	at org.springframework.beans.factory.support.AbstractBeanFactory.getBean(AbstractBeanFactory.java:163)
	at org.springframework.context.support.AbstractApplicationContext.getBean(AbstractApplicationContext.java:881)
	at com.salesforce.ide.core.internal.context.BaseContextHandler.getBean(BaseContextHandler.java:167)
	... 64 more
ERROR [2015-07-07 19:58:49,263] (ExtensionFactory.java:setInitializationData:63) - Unable to get bean instance for bean id 'openBrowserDeveloperAction' of class 'n/a'
com.salesforce.ide.core.project.ForceProjectException: Unable to get bean for id 'openBrowserDeveloperAction'
	at com.salesforce.ide.core.internal.utils.ForceExceptionUtils.throwNewForceProjectException(ForceExceptionUtils.java:202)
	at com.salesforce.ide.core.internal.context.BaseContextHandler.getBean(BaseContextHandler.java:170)
	at com.salesforce.ide.core.internal.context.BaseContainerDelegate.getBean(BaseContainerDelegate.java:59)
	at com.salesforce.ide.core.internal.factories.ExtensionFactory.setInitializationData(ExtensionFactory.java:58)
	at org.eclipse.core.internal.registry.ConfigurationElement.createExecutableExtension(ConfigurationElement.java:251)
	at org.eclipse.core.internal.registry.ConfigurationElementHandle.createExecutableExtension(ConfigurationElementHandle.java:55)
	at org.eclipse.ui.internal.WorkbenchPlugin.createExtension(WorkbenchPlugin.java:285)
	at org.eclipse.ui.internal.PluginAction.createDelegate(PluginAction.java:122)
	at org.eclipse.ui.internal.PluginAction.selectionChanged(PluginAction.java:277)
	at org.eclipse.ui.internal.PluginAction.selectionChanged(PluginAction.java:303)
	at org.eclipse.ui.internal.e4.compatibility.SelectionService.notifyListeners(SelectionService.java:218)
	at org.eclipse.ui.internal.e4.compatibility.SelectionService.handleSelectionChanged(SelectionService.java:107)
	at org.eclipse.ui.internal.e4.compatibility.SelectionService.access$0(SelectionService.java:91)
	at org.eclipse.ui.internal.e4.compatibility.SelectionService$1.selectionChanged(SelectionService.java:66)
	at org.eclipse.e4.ui.internal.workbench.SelectionAggregator$2.run(SelectionAggregator.java:125)
	at org.eclipse.core.runtime.SafeRunner.run(SafeRunner.java:42)
	at org.eclipse.e4.ui.internal.workbench.SelectionAggregator.notifyListeners(SelectionAggregator.java:122)
	at org.eclipse.e4.ui.internal.workbench.SelectionAggregator.access$5(SelectionAggregator.java:119)
	at org.eclipse.e4.ui.internal.workbench.SelectionAggregator$7$1.run(SelectionAggregator.java:232)
	at org.eclipse.e4.core.contexts.RunAndTrack.runExternalCode(RunAndTrack.java:56)
	at org.eclipse.e4.ui.internal.workbench.SelectionAggregator$7.changed(SelectionAggregator.java:229)
	at org.eclipse.e4.core.internal.contexts.TrackableComputationExt.update(TrackableComputationExt.java:110)
	at org.eclipse.e4.core.internal.contexts.EclipseContext.processScheduled(EclipseContext.java:338)
	at org.eclipse.e4.core.internal.contexts.EclipseContext.set(EclipseContext.java:352)
	at org.eclipse.e4.ui.internal.workbench.SelectionServiceImpl.setSelection(SelectionServiceImpl.java:31)
	at org.eclipse.ui.internal.e4.compatibility.CompatibilityPart.selectionChanged(CompatibilityPart.java:424)
	at org.eclipse.jface.viewers.Viewer$2.run(Viewer.java:163)
	at org.eclipse.core.runtime.SafeRunner.run(SafeRunner.java:42)
	at org.eclipse.ui.internal.JFaceUtil$1.run(JFaceUtil.java:50)
	at org.eclipse.jface.util.SafeRunnable.run(SafeRunnable.java:178)
	at org.eclipse.jface.viewers.Viewer.fireSelectionChanged(Viewer.java:160)
	at org.eclipse.jface.viewers.StructuredViewer.updateSelection(StructuredViewer.java:2171)
	at org.eclipse.jface.viewers.StructuredViewer.handleSelect(StructuredViewer.java:1202)
	at org.eclipse.jface.viewers.StructuredViewer$4.widgetSelected(StructuredViewer.java:1231)
	at org.eclipse.jface.util.OpenStrategy.fireSelectionEvent(OpenStrategy.java:242)
	at org.eclipse.jface.util.OpenStrategy.access$4(OpenStrategy.java:236)
	at org.eclipse.jface.util.OpenStrategy$1.handleEvent(OpenStrategy.java:408)
	at org.eclipse.swt.widgets.EventTable.sendEvent(EventTable.java:84)
	at org.eclipse.swt.widgets.Display.sendEvent(Display.java:4353)
	at org.eclipse.swt.widgets.Widget.sendEvent(Widget.java:1061)
	at org.eclipse.swt.widgets.Display.runDeferredEvents(Display.java:4172)
	at org.eclipse.swt.widgets.Display.readAndDispatch(Display.java:3761)
	at org.eclipse.e4.ui.internal.workbench.swt.PartRenderingEngine$9.run(PartRenderingEngine.java:1151)
	at org.eclipse.core.databinding.observable.Realm.runWithDefault(Realm.java:332)
	at org.eclipse.e4.ui.internal.workbench.swt.PartRenderingEngine.run(PartRenderingEngine.java:1032)
	at org.eclipse.e4.ui.internal.workbench.E4Workbench.createAndRunUI(E4Workbench.java:148)
	at org.eclipse.ui.internal.Workbench$5.run(Workbench.java:636)
	at org.eclipse.core.databinding.observable.Realm.runWithDefault(Realm.java:332)
	at org.eclipse.ui.internal.Workbench.createAndRunWorkbench(Workbench.java:579)
	at org.eclipse.ui.PlatformUI.createAndRunWorkbench(PlatformUI.java:150)
	at org.eclipse.ui.internal.ide.application.IDEApplication.start(IDEApplication.java:135)
	at org.eclipse.equinox.internal.app.EclipseAppHandle.run(EclipseAppHandle.java:196)
	at org.eclipse.core.runtime.internal.adaptor.EclipseAppLauncher.runApplication(EclipseAppLauncher.java:134)
	at org.eclipse.core.runtime.internal.adaptor.EclipseAppLauncher.start(EclipseAppLauncher.java:104)
	at org.eclipse.core.runtime.adaptor.EclipseStarter.run(EclipseStarter.java:380)
	at org.eclipse.core.runtime.adaptor.EclipseStarter.run(EclipseStarter.java:235)
	at sun.reflect.NativeMethodAccessorImpl.invoke0(Native Method)
	at sun.reflect.NativeMethodAccessorImpl.invoke(Unknown Source)
	at sun.reflect.DelegatingMethodAccessorImpl.invoke(Unknown Source)
	at java.lang.reflect.Method.invoke(Unknown Source)
	at org.eclipse.equinox.launcher.Main.invokeFramework(Main.java:648)
	at org.eclipse.equinox.launcher.Main.basicRun(Main.java:603)
	at org.eclipse.equinox.launcher.Main.run(Main.java:1465)
Caused by: org.springframework.beans.factory.NoSuchBeanDefinitionException: No bean named 'openBrowserDeveloperAction' is defined
	at org.springframework.beans.factory.support.DefaultListableBeanFactory.getBeanDefinition(DefaultListableBeanFactory.java:388)
	at org.springframework.beans.factory.support.AbstractBeanFactory.getMergedLocalBeanDefinition(AbstractBeanFactory.java:976)
	at org.springframework.beans.factory.support.AbstractBeanFactory.doGetBean(AbstractBeanFactory.java:245)
	at org.springframework.beans.factory.support.AbstractBeanFactory.getBean(AbstractBeanFactory.java:184)
	at org.springframework.beans.factory.support.AbstractBeanFactory.getBean(AbstractBeanFactory.java:163)
	at org.springframework.context.support.AbstractApplicationContext.getBean(AbstractApplicationContext.java:881)
	at com.salesforce.ide.core.internal.context.BaseContextHandler.getBean(BaseContextHandler.java:167)
	... 61 more
ERROR [2015-07-07 19:58:49,279] (ExtensionFactory.java:setInitializationData:63) - Unable to get bean instance for bean id 'openBrowserToSalesforceAction' of class 'n/a'
com.salesforce.ide.core.project.ForceProjectException: Unable to get bean for id 'openBrowserToSalesforceAction'
	at com.salesforce.ide.core.internal.utils.ForceExceptionUtils.throwNewForceProjectException(ForceExceptionUtils.java:202)
	at com.salesforce.ide.core.internal.context.BaseContextHandler.getBean(BaseContextHandler.java:170)
	at com.salesforce.ide.core.internal.context.BaseContainerDelegate.getBean(BaseContainerDelegate.java:59)
	at com.salesforce.ide.core.internal.factories.ExtensionFactory.setInitializationData(ExtensionFactory.java:58)
	at org.eclipse.core.internal.registry.ConfigurationElement.createExecutableExtension(ConfigurationElement.java:251)
	at org.eclipse.core.internal.registry.ConfigurationElementHandle.createExecutableExtension(ConfigurationElementHandle.java:55)
	at org.eclipse.ui.internal.WorkbenchPlugin.createExtension(WorkbenchPlugin.java:285)
	at org.eclipse.ui.internal.PluginAction.createDelegate(PluginAction.java:122)
	at org.eclipse.ui.internal.PluginAction.selectionChanged(PluginAction.java:277)
	at org.eclipse.ui.internal.PluginAction.selectionChanged(PluginAction.java:303)
	at org.eclipse.ui.internal.e4.compatibility.SelectionService.notifyListeners(SelectionService.java:218)
	at org.eclipse.ui.internal.e4.compatibility.SelectionService.handleSelectionChanged(SelectionService.java:107)
	at org.eclipse.ui.internal.e4.compatibility.SelectionService.access$0(SelectionService.java:91)
	at org.eclipse.ui.internal.e4.compatibility.SelectionService$1.selectionChanged(SelectionService.java:66)
	at org.eclipse.e4.ui.internal.workbench.SelectionAggregator$2.run(SelectionAggregator.java:125)
	at org.eclipse.core.runtime.SafeRunner.run(SafeRunner.java:42)
	at org.eclipse.e4.ui.internal.workbench.SelectionAggregator.notifyListeners(SelectionAggregator.java:122)
	at org.eclipse.e4.ui.internal.workbench.SelectionAggregator.access$5(SelectionAggregator.java:119)
	at org.eclipse.e4.ui.internal.workbench.SelectionAggregator$7$1.run(SelectionAggregator.java:232)
	at org.eclipse.e4.core.contexts.RunAndTrack.runExternalCode(RunAndTrack.java:56)
	at org.eclipse.e4.ui.internal.workbench.SelectionAggregator$7.changed(SelectionAggregator.java:229)
	at org.eclipse.e4.core.internal.contexts.TrackableComputationExt.update(TrackableComputationExt.java:110)
	at org.eclipse.e4.core.internal.contexts.EclipseContext.processScheduled(EclipseContext.java:338)
	at org.eclipse.e4.core.internal.contexts.EclipseContext.set(EclipseContext.java:352)
	at org.eclipse.e4.ui.internal.workbench.SelectionServiceImpl.setSelection(SelectionServiceImpl.java:31)
	at org.eclipse.ui.internal.e4.compatibility.CompatibilityPart.selectionChanged(CompatibilityPart.java:424)
	at org.eclipse.jface.viewers.Viewer$2.run(Viewer.java:163)
	at org.eclipse.core.runtime.SafeRunner.run(SafeRunner.java:42)
	at org.eclipse.ui.internal.JFaceUtil$1.run(JFaceUtil.java:50)
	at org.eclipse.jface.util.SafeRunnable.run(SafeRunnable.java:178)
	at org.eclipse.jface.viewers.Viewer.fireSelectionChanged(Viewer.java:160)
	at org.eclipse.jface.viewers.StructuredViewer.updateSelection(StructuredViewer.java:2171)
	at org.eclipse.jface.viewers.StructuredViewer.handleSelect(StructuredViewer.java:1202)
	at org.eclipse.jface.viewers.StructuredViewer$4.widgetSelected(StructuredViewer.java:1231)
	at org.eclipse.jface.util.OpenStrategy.fireSelectionEvent(OpenStrategy.java:242)
	at org.eclipse.jface.util.OpenStrategy.access$4(OpenStrategy.java:236)
	at org.eclipse.jface.util.OpenStrategy$1.handleEvent(OpenStrategy.java:408)
	at org.eclipse.swt.widgets.EventTable.sendEvent(EventTable.java:84)
	at org.eclipse.swt.widgets.Display.sendEvent(Display.java:4353)
	at org.eclipse.swt.widgets.Widget.sendEvent(Widget.java:1061)
	at org.eclipse.swt.widgets.Display.runDeferredEvents(Display.java:4172)
	at org.eclipse.swt.widgets.Display.readAndDispatch(Display.java:3761)
	at org.eclipse.e4.ui.internal.workbench.swt.PartRenderingEngine$9.run(PartRenderingEngine.java:1151)
	at org.eclipse.core.databinding.observable.Realm.runWithDefault(Realm.java:332)
	at org.eclipse.e4.ui.internal.workbench.swt.PartRenderingEngine.run(PartRenderingEngine.java:1032)
	at org.eclipse.e4.ui.internal.workbench.E4Workbench.createAndRunUI(E4Workbench.java:148)
	at org.eclipse.ui.internal.Workbench$5.run(Workbench.java:636)
	at org.eclipse.core.databinding.observable.Realm.runWithDefault(Realm.java:332)
	at org.eclipse.ui.internal.Workbench.createAndRunWorkbench(Workbench.java:579)
	at org.eclipse.ui.PlatformUI.createAndRunWorkbench(PlatformUI.java:150)
	at org.eclipse.ui.internal.ide.application.IDEApplication.start(IDEApplication.java:135)
	at org.eclipse.equinox.internal.app.EclipseAppHandle.run(EclipseAppHandle.java:196)
	at org.eclipse.core.runtime.internal.adaptor.EclipseAppLauncher.runApplication(EclipseAppLauncher.java:134)
	at org.eclipse.core.runtime.internal.adaptor.EclipseAppLauncher.start(EclipseAppLauncher.java:104)
	at org.eclipse.core.runtime.adaptor.EclipseStarter.run(EclipseStarter.java:380)
	at org.eclipse.core.runtime.adaptor.EclipseStarter.run(EclipseStarter.java:235)
	at sun.reflect.NativeMethodAccessorImpl.invoke0(Native Method)
	at sun.reflect.NativeMethodAccessorImpl.invoke(Unknown Source)
	at sun.reflect.DelegatingMethodAccessorImpl.invoke(Unknown Source)
	at java.lang.reflect.Method.invoke(Unknown Source)
	at org.eclipse.equinox.launcher.Main.invokeFramework(Main.java:648)
	at org.eclipse.equinox.launcher.Main.basicRun(Main.java:603)
	at org.eclipse.equinox.launcher.Main.run(Main.java:1465)
Caused by: org.springframework.beans.factory.NoSuchBeanDefinitionException: No bean named 'openBrowserToSalesforceAction' is defined
	at org.springframework.beans.factory.support.DefaultListableBeanFactory.getBeanDefinition(DefaultListableBeanFactory.java:388)
	at org.springframework.beans.factory.support.AbstractBeanFactory.getMergedLocalBeanDefinition(AbstractBeanFactory.java:976)
	at org.springframework.beans.factory.support.AbstractBeanFactory.doGetBean(AbstractBeanFactory.java:245)
	at org.springframework.beans.factory.support.AbstractBeanFactory.getBean(AbstractBeanFactory.java:184)
	at org.springframework.beans.factory.support.AbstractBeanFactory.getBean(AbstractBeanFactory.java:163)
	at org.springframework.context.support.AbstractApplicationContext.getBean(AbstractApplicationContext.java:881)
	at com.salesforce.ide.core.internal.context.BaseContextHandler.getBean(BaseContextHandler.java:167)
	... 61 more
 WARN [2015-07-07 19:59:11,116] (ProjectPackageFactory.java:loadComponentFolder:308) - No components found for component folder 'src/components
 WARN [2015-07-07 19:59:11,131] (ProjectPackageFactory.java:loadComponentFolder:308) - No components found for component folder 'src/staticresources
 WARN [2015-07-07 19:59:17,201] (BaseRetryAspect.java:isLoginExceptionRetryable:117) - Login evaluation deemed exception not retry-able:
 LoginFault: Invalid username, password, security token; or user locked out.
 WARN [2015-07-07 19:59:17,201] (BaseRetryAspect.java:isConnectionExceptionRetryable:153) - Connection evaluation deemed exception not retry-able:
 LoginFault: Invalid username, password, security token; or user locked out.
 WARN [2015-07-07 19:59:17,295] (ActionController.java:syncCheck:285) - Unable to perform sync check: Invalid username, password, security token; or user locked out.
 WARN [2015-07-07 20:00:21,314] (ConnectionFactory.java:clearCache:217) - No cached connections
 WARN [2015-07-07 20:00:21,317] (DescribeObjectRegistry.java:clearCache:661) - No cached describes
 WARN [2015-07-07 20:00:21,317] (MetadataFactory.java:clearCache:126) - No cached metadata stubs
 WARN [2018-05-04 19:32:01,807] (BaseRetryAspect.java:isLoginExceptionRetryable:124) - Login evaluation deemed exception not retry-able:
 LoginFault: Invalid username, password, security token; or user locked out. Are you at a new location? When accessing Salesforce--either via a desktop client or the API--from outside of your company’s trusted networks, you must add a security token to your password to log in. To get your new security token, log in to Salesforce. From your personal settings, enter Reset My Security Token in the Quick Find box, then select Reset My Security Token.
 WARN [2018-05-04 19:32:01,872] (BaseRetryAspect.java:isConnectionExceptionRetryable:159) - Connection evaluation deemed exception not retry-able:
 LoginFault: Invalid username, password, security token; or user locked out. Are you at a new location? When accessing Salesforce--either via a desktop client or the API--from outside of your company’s trusted networks, you must add a security token to your password to log in. To get your new security token, log in to Salesforce. From your personal settings, enter Reset My Security Token in the Quick Find box, then select Reset My Security Token.
 WARN [2018-05-04 19:32:01,884] (ProjectController.java:getRemotePackageNames:862) - Unable to get project packages for project 'Subbu Prod': Invalid username, password, security token; or user locked out. Are you at a new location? When accessing Salesforce--either via a desktop client or the API--from outside of your company’s trusted networks, you must add a security token to your password to log in. To get your new security token, log in to Salesforce. From your personal settings, enter Reset My Security Token in the Quick Find box, then select Reset My Security Token.
 WARN [2018-05-04 19:32:01,949] (ProjectOrganizationPage.java:prepareNextPage:263) - Unable to login: Invalid username, password, security token; or user locked out. Are you at a new location? When accessing Salesforce--either via a desktop client or the API--from outside of your company’s trusted networks, you must add a security token to your password to log in. To get your new security token, log in to Salesforce. From your personal settings, enter Reset My Security Token in the Quick Find box, then select Reset My Security Token.
 WARN [2018-05-04 19:32:34,740] (BaseRetryAspect.java:isLoginExceptionRetryable:124) - Login evaluation deemed exception not retry-able:
 LoginFault: Invalid username, password, security token; or user locked out.
 WARN [2018-05-04 19:32:34,757] (BaseRetryAspect.java:isConnectionExceptionRetryable:159) - Connection evaluation deemed exception not retry-able:
 LoginFault: Invalid username, password, security token; or user locked out.
 WARN [2018-05-04 19:32:34,765] (ProjectController.java:getRemotePackageNames:862) - Unable to get project packages for project 'Subbu Prod': Invalid username, password, security token; or user locked out.
 WARN [2018-05-04 19:32:34,817] (ProjectOrganizationPage.java:prepareNextPage:263) - Unable to login: Invalid username, password, security token; or user locked out.
 WARN [2018-05-04 19:33:01,148] (BaseRetryAspect.java:isLoginExceptionRetryable:124) - Login evaluation deemed exception not retry-able:
 LoginFault: Invalid username, password, security token; or user locked out.
 WARN [2018-05-04 19:33:01,160] (BaseRetryAspect.java:isConnectionExceptionRetryable:159) - Connection evaluation deemed exception not retry-able:
 LoginFault: Invalid username, password, security token; or user locked out.
 WARN [2018-05-04 19:33:01,168] (ProjectController.java:getRemotePackageNames:862) - Unable to get project packages for project 'Subbu Prod': Invalid username, password, security token; or user locked out.
 WARN [2018-05-04 19:33:01,235] (ProjectOrganizationPage.java:prepareNextPage:263) - Unable to login: Invalid username, password, security token; or user locked out.
 WARN [2018-05-04 19:35:12,412] (BaseRetryAspect.java:isLoginExceptionRetryable:124) - Login evaluation deemed exception not retry-able:
 LoginFault: Invalid username, password, security token; or user locked out.
 WARN [2018-05-04 19:35:12,565] (BaseRetryAspect.java:isConnectionExceptionRetryable:159) - Connection evaluation deemed exception not retry-able:
 LoginFault: Invalid username, password, security token; or user locked out.
 WARN [2018-05-04 19:35:12,575] (ProjectController.java:getRemotePackageNames:862) - Unable to get project packages for project 'Subbu Prod': Invalid username, password, security token; or user locked out.
 WARN [2018-05-04 19:35:12,616] (ProjectOrganizationPage.java:prepareNextPage:263) - Unable to login: Invalid username, password, security token; or user locked out.
 WARN [2018-05-04 19:35:28,559] (BaseRetryAspect.java:isLoginExceptionRetryable:124) - Login evaluation deemed exception not retry-able:
 LoginFault: Invalid username, password, security token; or user locked out.
 WARN [2018-05-04 19:35:28,569] (BaseRetryAspect.java:isConnectionExceptionRetryable:159) - Connection evaluation deemed exception not retry-able:
 LoginFault: Invalid username, password, security token; or user locked out.
 WARN [2018-05-04 19:35:28,578] (ProjectController.java:getRemotePackageNames:862) - Unable to get project packages for project 'Subbu Prod': Invalid username, password, security token; or user locked out.
 WARN [2018-05-04 19:35:28,620] (ProjectOrganizationPage.java:prepareNextPage:263) - Unable to login: Invalid username, password, security token; or user locked out.
 WARN [2018-05-04 19:36:26,531] (BaseRetryAspect.java:isLoginExceptionRetryable:124) - Login evaluation deemed exception not retry-able:
 LoginFault: Invalid username, password, security token; or user locked out.
 WARN [2018-05-04 19:36:26,542] (BaseRetryAspect.java:isConnectionExceptionRetryable:159) - Connection evaluation deemed exception not retry-able:
 LoginFault: Invalid username, password, security token; or user locked out.
 WARN [2018-05-04 19:36:26,549] (ProjectController.java:getRemotePackageNames:862) - Unable to get project packages for project 'FFTEST': Invalid username, password, security token; or user locked out.
 WARN [2018-05-04 19:36:26,589] (ProjectOrganizationPage.java:prepareNextPage:263) - Unable to login: Invalid username, password, security token; or user locked out.
 WARN [2018-05-04 19:36:35,969] (BaseRetryAspect.java:isLoginExceptionRetryable:124) - Login evaluation deemed exception not retry-able:
 LoginFault: Invalid username, password, security token; or user locked out. Are you at a new location? When accessing Salesforce--either via a desktop client or the API--from outside of your company’s trusted networks, you must add a security token to your password to log in. To get your new security token, log in to Salesforce. From your personal settings, enter Reset My Security Token in the Quick Find box, then select Reset My Security Token.
 WARN [2018-05-04 19:36:35,980] (BaseRetryAspect.java:isConnectionExceptionRetryable:159) - Connection evaluation deemed exception not retry-able:
 LoginFault: Invalid username, password, security token; or user locked out. Are you at a new location? When accessing Salesforce--either via a desktop client or the API--from outside of your company’s trusted networks, you must add a security token to your password to log in. To get your new security token, log in to Salesforce. From your personal settings, enter Reset My Security Token in the Quick Find box, then select Reset My Security Token.
 WARN [2018-05-04 19:36:35,988] (ProjectController.java:getRemotePackageNames:862) - Unable to get project packages for project 'FFTEST': Invalid username, password, security token; or user locked out. Are you at a new location? When accessing Salesforce--either via a desktop client or the API--from outside of your company’s trusted networks, you must add a security token to your password to log in. To get your new security token, log in to Salesforce. From your personal settings, enter Reset My Security Token in the Quick Find box, then select Reset My Security Token.
 WARN [2018-05-04 19:36:36,040] (ProjectOrganizationPage.java:prepareNextPage:263) - Unable to login: Invalid username, password, security token; or user locked out. Are you at a new location? When accessing Salesforce--either via a desktop client or the API--from outside of your company’s trusted networks, you must add a security token to your password to log in. To get your new security token, log in to Salesforce. From your personal settings, enter Reset My Security Token in the Quick Find box, then select Reset My Security Token.
 WARN [2018-05-04 19:36:54,250] (BaseRetryAspect.java:isLoginExceptionRetryable:124) - Login evaluation deemed exception not retry-able:
 LoginFault: Invalid username, password, security token; or user locked out. Are you at a new location? When accessing Salesforce--either via a desktop client or the API--from outside of your company’s trusted networks, you must add a security token to your password to log in. To get your new security token, log in to Salesforce. From your personal settings, enter Reset My Security Token in the Quick Find box, then select Reset My Security Token.
 WARN [2018-05-04 19:36:54,260] (BaseRetryAspect.java:isConnectionExceptionRetryable:159) - Connection evaluation deemed exception not retry-able:
 LoginFault: Invalid username, password, security token; or user locked out. Are you at a new location? When accessing Salesforce--either via a desktop client or the API--from outside of your company’s trusted networks, you must add a security token to your password to log in. To get your new security token, log in to Salesforce. From your personal settings, enter Reset My Security Token in the Quick Find box, then select Reset My Security Token.
 WARN [2018-05-04 19:36:54,267] (ProjectController.java:getRemotePackageNames:862) - Unable to get project packages for project 'FFTEST': Invalid username, password, security token; or user locked out. Are you at a new location? When accessing Salesforce--either via a desktop client or the API--from outside of your company’s trusted networks, you must add a security token to your password to log in. To get your new security token, log in to Salesforce. From your personal settings, enter Reset My Security Token in the Quick Find box, then select Reset My Security Token.
 WARN [2018-05-04 19:36:54,307] (ProjectOrganizationPage.java:prepareNextPage:263) - Unable to login: Invalid username, password, security token; or user locked out. Are you at a new location? When accessing Salesforce--either via a desktop client or the API--from outside of your company’s trusted networks, you must add a security token to your password to log in. To get your new security token, log in to Salesforce. From your personal settings, enter Reset My Security Token in the Quick Find box, then select Reset My Security Token.
 WARN [2018-05-04 19:37:04,577] (ConnectionFactory.java:clearCache:217) - No cached connections
 WARN [2018-05-04 19:37:04,588] (DescribeObjectRegistry.java:clearCache:660) - No cached describes
 WARN [2018-05-04 19:37:04,595] (MetadataFactory.java:clearCache:125) - No cached metadata stubs
 WARN [2018-05-05 12:00:36,131] (BaseRetryAspect.java:isLoginExceptionRetryable:124) - Login evaluation deemed exception not retry-able:
 LoginFault: Invalid username, password, security token; or user locked out. Are you at a new location? When accessing Salesforce--either via a desktop client or the API--from outside of your company’s trusted networks, you must add a security token to your password to log in. To get your new security token, log in to Salesforce. From your personal settings, enter Reset My Security Token in the Quick Find box, then select Reset My Security Token.
 WARN [2018-05-05 12:00:36,227] (BaseRetryAspect.java:isConnectionExceptionRetryable:159) - Connection evaluation deemed exception not retry-able:
 LoginFault: Invalid username, password, security token; or user locked out. Are you at a new location? When accessing Salesforce--either via a desktop client or the API--from outside of your company’s trusted networks, you must add a security token to your password to log in. To get your new security token, log in to Salesforce. From your personal settings, enter Reset My Security Token in the Quick Find box, then select Reset My Security Token.
 WARN [2018-05-05 12:00:36,238] (ProjectController.java:getRemotePackageNames:862) - Unable to get project packages for project 'DEV': Invalid username, password, security token; or user locked out. Are you at a new location? When accessing Salesforce--either via a desktop client or the API--from outside of your company’s trusted networks, you must add a security token to your password to log in. To get your new security token, log in to Salesforce. From your personal settings, enter Reset My Security Token in the Quick Find box, then select Reset My Security Token.
 WARN [2018-05-05 12:00:36,314] (ProjectOrganizationPage.java:prepareNextPage:263) - Unable to login: Invalid username, password, security token; or user locked out. Are you at a new location? When accessing Salesforce--either via a desktop client or the API--from outside of your company’s trusted networks, you must add a security token to your password to log in. To get your new security token, log in to Salesforce. From your personal settings, enter Reset My Security Token in the Quick Find box, then select Reset My Security Token.
 WARN [2018-05-05 12:02:10,518] (Utils.java:loadDocument:807) - Unable to load document: C:\Users\subbu\workspace\.metadata\.plugins\com.salesforce.ide.core\packageCache.xml (The system cannot find the file specified)
 WARN [2018-05-05 12:03:21,774] (ComponentResource.java:loadFromFile:430) - File 'src/package.xml' does not exist
 WARN [2018-05-05 12:03:40,967] (ProjectController.java:handleRetrieveResults:694) - Failed to retrieve: 'package.xml': Cannot retrieve documents in a user's private folder; move the document to a named folder
 WARN [2018-05-05 12:03:40,982] (ProjectController.java:handleRetrieveResults:694) - Failed to retrieve: 'package.xml': Cannot retrieve documents in a user's private folder; move the document to a named folder
 WARN [2018-05-05 12:03:41,001] (ProjectController.java:handleRetrieveResults:694) - Failed to retrieve: 'package.xml': Metadata API received improper input. Please ensure file name and capitalization is correct. Load of metadata from db failed for metadata of type:AppMenu and file name:AppSwitcher.
 WARN [2018-05-05 12:04:06,233] (ProjectController.java:handleRetrieveResults:694) - Failed to retrieve: 'SFDC Config Workbook/package.xml': Can't retrieve non-customizable CustomObject named: LicenseManagement__c
 WARN [2018-05-05 12:04:06,296] (ProjectController.java:handleRetrieveResults:694) - Failed to retrieve: 'SFDC Config Workbook/package.xml': Can't retrieve non-customizable CustomObject named: CWB_API__mdt
 WARN [2018-05-05 12:04:06,304] (ProjectController.java:handleRetrieveResults:694) - Failed to retrieve: 'SFDC Config Workbook/package.xml': Can't retrieve non-customizable CustomObject named: UserPreference__c
 WARN [2018-05-05 12:04:06,312] (ProjectController.java:handleRetrieveResults:694) - Failed to retrieve: 'SFDC Config Workbook/package.xml': Can't retrieve non-customizable CustomObject named: AdminConfig__c
 WARN [2018-05-05 12:04:06,331] (ProjectController.java:handleRetrieveResults:694) - Failed to retrieve: 'SFDC Config Workbook/package.xml': Can't retrieve non-customizable CustomObject named: SetupAuditSubscribedReport__c
 WARN [2018-05-05 12:04:06,341] (ProjectController.java:handleRetrieveResults:694) - Failed to retrieve: 'SFDC Config Workbook/package.xml': Can't retrieve non-customizable CustomObject named: SelectedComponent__c
 WARN [2018-05-05 12:04:06,349] (ProjectController.java:handleRetrieveResults:694) - Failed to retrieve: 'SFDC Config Workbook/package.xml': Can't retrieve non-customizable CustomObject named: ConnectedOrg__c
 WARN [2018-05-05 12:04:06,360] (ProjectController.java:handleRetrieveResults:694) - Failed to retrieve: 'SFDC Config Workbook/package.xml': Can't retrieve non-customizable CustomObject named: LicenseManagement__c
 WARN [2018-05-05 12:04:06,369] (ProjectController.java:handleRetrieveResults:694) - Failed to retrieve: 'SFDC Config Workbook/package.xml': Can't retrieve non-customizable CustomObject named: CWB_API__mdt
 WARN [2018-05-05 12:04:06,380] (ProjectController.java:handleRetrieveResults:694) - Failed to retrieve: 'SFDC Config Workbook/package.xml': Can't retrieve non-customizable CustomObject named: UserPreference__c
 WARN [2018-05-05 12:04:06,388] (ProjectController.java:handleRetrieveResults:694) - Failed to retrieve: 'SFDC Config Workbook/package.xml': Can't retrieve non-customizable CustomObject named: AdminConfig__c
 WARN [2018-05-05 12:04:06,400] (ProjectController.java:handleRetrieveResults:694) - Failed to retrieve: 'SFDC Config Workbook/package.xml': Can't retrieve non-customizable CustomObject named: SetupAuditSubscribedReport__c
 WARN [2018-05-05 12:04:06,409] (ProjectController.java:handleRetrieveResults:694) - Failed to retrieve: 'SFDC Config Workbook/package.xml': Can't retrieve non-customizable CustomObject named: SelectedComponent__c
 WARN [2018-05-05 12:04:06,417] (ProjectController.java:handleRetrieveResults:694) - Failed to retrieve: 'SFDC Config Workbook/package.xml': Can't retrieve non-customizable CustomObject named: ConnectedOrg__c
 WARN [2018-05-05 12:04:06,428] (ProjectController.java:handleRetrieveResults:694) - Failed to retrieve: 'Salesforce Connected Apps/package.xml': Metadata API received improper input. Please ensure file name and capitalization is correct. Load of metadata from db failed for metadata of type:ConnectedApp and file name:Salesforce_for_Outlook.
 WARN [2018-05-05 12:04:06,438] (ProjectController.java:handleRetrieveResults:694) - Failed to retrieve: 'Salesforce Connected Apps/package.xml': Metadata API received improper input. Please ensure file name and capitalization is correct. Load of metadata from db failed for metadata of type:ConnectedApp and file name:Workbench.
 WARN [2018-05-05 12:04:06,446] (ProjectController.java:handleRetrieveResults:694) - Failed to retrieve: 'Salesforce Connected Apps/package.xml': Metadata API received improper input. Please ensure file name and capitalization is correct. Load of metadata from db failed for metadata of type:ConnectedApp and file name:Dataloader_Bulk.
 WARN [2018-05-05 12:04:06,453] (ProjectController.java:handleRetrieveResults:694) - Failed to retrieve: 'Salesforce Connected Apps/package.xml': Metadata API received improper input. Please ensure file name and capitalization is correct. Load of metadata from db failed for metadata of type:ConnectedApp and file name:Dataloader_Partner.
 WARN [2018-05-05 12:04:06,464] (ProjectController.java:handleRetrieveResults:694) - Failed to retrieve: 'Salesforce Connected Apps/package.xml': Metadata API received improper input. Please ensure file name and capitalization is correct. Load of metadata from db failed for metadata of type:ConnectedApp and file name:Forcecom_IDE.
 WARN [2018-05-05 12:04:06,474] (ProjectController.java:handleRetrieveResults:694) - Failed to retrieve: 'Salesforce Connected Apps/package.xml': Metadata API received improper input. Please ensure file name and capitalization is correct. Load of metadata from db failed for metadata of type:ConnectedApp and file name:Forcecom_Migration_Tool.
 WARN [2018-05-05 12:04:06,482] (ProjectController.java:handleRetrieveResults:694) - Failed to retrieve: 'Salesforce Connected Apps/package.xml': Metadata API received improper input. Please ensure file name and capitalization is correct. Load of metadata from db failed for metadata of type:ConnectedApp and file name:Salesforce_Mobile_Dashboards.
 WARN [2018-05-05 12:04:06,493] (ProjectController.java:handleRetrieveResults:694) - Failed to retrieve: 'Salesforce Connected Apps/package.xml': Metadata API received improper input. Please ensure file name and capitalization is correct. Load of metadata from db failed for metadata of type:ConnectedApp and file name:Salesforce_Touch.
 WARN [2018-05-05 12:04:06,505] (ProjectController.java:handleRetrieveResults:694) - Failed to retrieve: 'SalesforceIQ Inbox/package.xml': Metadata API received improper input. Please ensure file name and capitalization is correct. Load of metadata from db failed for metadata of type:ConnectedApp and file name:SalesforceIQ.
ERROR [2018-05-05 12:05:32,941] (SyncServiceListenerBroadcaster.java:handleException:59) - Error executing a contributed ISyncServiceListener
java.lang.NullPointerException
	at com.salesforce.ide.core.model.ComponentList.getComponentFactory(ComponentList.java:59)
	at com.salesforce.ide.core.model.ComponentList.getComponentListForComponentType(ComponentList.java:261)
	at com.salesforce.ide.debug.ui.sync.SyncActionListener.collectDebuggerElements(SyncActionListener.java:145)
	at com.salesforce.ide.debug.ui.sync.SyncActionListener.collectApexDebuggerElementsWithOpenedEditors(SyncActionListener.java:120)
	at com.salesforce.ide.debug.ui.sync.SyncActionListener.projectSync(SyncActionListener.java:113)
	at com.salesforce.ide.core.services.hooks.SyncServiceListenerBroadcaster$1.run(SyncServiceListenerBroadcaster.java:54)
	at org.eclipse.core.runtime.SafeRunner.run(SafeRunner.java:42)
	at org.eclipse.ui.internal.JFaceUtil$1.run(JFaceUtil.java:50)
	at org.eclipse.jface.util.SafeRunnable.run(SafeRunnable.java:173)
	at com.salesforce.ide.core.services.hooks.SyncServiceListenerBroadcaster.executeExtension(SyncServiceListenerBroadcaster.java:62)
	at com.salesforce.ide.core.services.hooks.SyncServiceListenerBroadcaster.broadcast(SyncServiceListenerBroadcaster.java:40)
	at com.salesforce.ide.core.model.ProjectPackageList.saveResources(ProjectPackageList.java:1066)
	at com.salesforce.ide.core.model.ProjectPackageList.saveResources(ProjectPackageList.java:996)
	at com.salesforce.ide.core.services.ForceProjectRefreshJob$ForceProjectRefreshProject.doSaveResources(ForceProjectRefreshJob.java:62)
	at com.salesforce.ide.core.services.ForceProjectRefreshJob.runInWorkspace(ForceProjectRefreshJob.java:42)
	at org.eclipse.core.internal.resources.InternalWorkspaceJob.run(InternalWorkspaceJob.java:39)
	at org.eclipse.core.internal.jobs.Worker.run(Worker.java:55)
 WARN [2018-05-05 12:15:18,490] (ConnectionFactory.java:clearCache:220) - Clearing the following cached connections
 WARN [2018-05-05 12:15:18,569] (DescribeObjectRegistry.java:clearCache:663) - Clearing cached describes
 WARN [2018-05-05 12:15:18,580] (MetadataFactory.java:clearCache:128) - Clearing the following cached metadata stubs
 WARN [2018-05-05 12:24:37,682] (ProjectAddEvaluator.java:visit:86) - Unable to add skip builder flag to added project 'P/Myfirst': Resource '/Myfirst' is not open. Cause:
 (1) Resource '/Myfirst' is not open.
 WARN [2018-05-05 12:24:37,855] (ProjectAddEvaluator.java:visit:101) - Unable to add skip builder flag to added project 'P/Myfirst': Resource '/Myfirst' is not open. Cause:
 (1) Resource '/Myfirst' is not open.
 WARN [2018-05-05 12:25:58,078] (ConnectionFactory.java:clearCache:217) - No cached connections
 WARN [2018-05-05 12:25:58,088] (DescribeObjectRegistry.java:clearCache:660) - No cached describes
 WARN [2018-05-05 12:25:58,099] (MetadataFactory.java:clearCache:125) - No cached metadata stubs
 WARN [2018-05-05 12:39:40,854] (DefaultBuilder.java:applyDirtyMarkers:93) - TODO: apply 'Save locally only...' markers on each resource
